--- Initializing Conda ---
Conda executable: /hpc/group/naderilab/sm996/miniconda3/envs/geo_project/bin/conda
Conda environments visible to this job:

# conda environments:
#
                       /hpc/group/datap2023ecbc/sm996/miniconda3
                       /hpc/group/datap2023ecbc/sm996/miniconda3/envs/amp
                       /hpc/group/datap2023ecbc/sm996/miniconda3/envs/pytorch-env
base                   /hpc/group/naderilab/sm996/miniconda3
foldseek_env           /hpc/group/naderilab/sm996/miniconda3/envs/foldseek_env
geo_project          * /hpc/group/naderilab/sm996/miniconda3/envs/geo_project

--------------------------
--- Running Python Script ---
Generating GearNet embeddings from data/processed
Output directory: data/processed/embeddings
Memory management: Processing in chunks of 50 proteins
Generating GearNet embeddings from data/processed
Processing in chunks of 50 proteins to manage memory
Loading dataset metadata...
Total proteins to process: 34116
Using device: cuda
Successfully created GearNet model with TorchDrug
Successfully loaded GearNet implementation from TorchDrug

Processing completed!
Successful: 34116 proteins
Failed: 0 proteins
Total attempts: 34116
Completed! Successfully generated embeddings for 34116 proteins
Individual embeddings saved to: data/processed/embeddings
A summary file has been created at: data/processed/embeddings/generation_summary.txt
