--- Initializing Conda ---
Conda executable: /hpc/group/naderilab/sm996/miniconda3/envs/geo_project/bin/conda
Conda environments visible to this job:

# conda environments:
#
                       /hpc/group/datap2023ecbc/sm996/miniconda3
                       /hpc/group/datap2023ecbc/sm996/miniconda3/envs/amp
                       /hpc/group/datap2023ecbc/sm996/miniconda3/envs/pytorch-env
base                   /hpc/group/naderilab/sm996/miniconda3
foldseek_env           /hpc/group/naderilab/sm996/miniconda3/envs/foldseek_env
geo_project          * /hpc/group/naderilab/sm996/miniconda3/envs/geo_project

--------------------------
--- Running Python Script ---
PyTorch version: 2.9.0+cu128
Transformers version: 4.57.1
Using device: cuda
Loading model...
Gradient checkpointing enabled
Trainable parameters: 3,001,280 (1.99% of total)
Successfully created GearNet model with TorchDrug
Successfully loaded GearNet implementation from TorchDrug
Loading dataset...
Using efficient pre-processed dataset...
Structural tokens available: True
Pre-computed embeddings have wrong dimension 512, expected 640.
Embeddings will be generated on-the-fly with hidden_dim=640
Loaded structural tokens for 34114 proteins
Loaded 34116 proteins from pre-processed dataset
Dataset split: 27292 training samples, 6824 validation samples
Mixed precision training enabled
Starting training for 10 epochs...
Effective batch size: 64

Epoch 1/10
Debug - batch_size: 16, seq_len: 512, hidden_dim: 640
Debug - node_embeddings shape: torch.Size([8192, 512])
Debug - expected total nodes: 8192, actual nodes: 8192
[1;34mwandb[0m: 
[1;34mwandb[0m: 🚀 View run [33mesm2_lora_constraints_esm2_t30_150M_UR50D[0m at: [34m[0m
[1;34mwandb[0m: Find logs at: [1;35mwandb/run-20251202_111956-e3jzash8/logs[0m
