--- Initializing Conda ---
Conda executable: /hpc/group/naderilab/sm996/miniconda3/envs/geo_project/bin/conda
Conda environments visible to this job:

# conda environments:
#
                       /hpc/group/datap2023ecbc/sm996/miniconda3
                       /hpc/group/datap2023ecbc/sm996/miniconda3/envs/amp
                       /hpc/group/datap2023ecbc/sm996/miniconda3/envs/pytorch-env
base                   /hpc/group/naderilab/sm996/miniconda3
foldseek_env           /hpc/group/naderilab/sm996/miniconda3/envs/foldseek_env
geo_project          * /hpc/group/naderilab/sm996/miniconda3/envs/geo_project

--------------------------
--- Running Python Script ---
PyTorch version: 2.9.0+cu128
Transformers version: 4.57.1
Using device: cuda
Loading model...
Gradient checkpointing enabled
Trainable parameters: 3,001,280 (1.99% of total)
[1;34mwandb[0m: 
[1;34mwandb[0m: 🚀 View run [33mesm2_lora_constraints_esm2_t30_150M_UR50D[0m at: [34m[0m
[1;34mwandb[0m: Find logs at: [1;35mwandb/run-20251202_030618-eygfv9vq/logs[0m
